[23:13:57] [ServerMain/INFO]: Environment: Environment[accountsHost=https://api.mojang.com, sessionHost=https://sessionserver.mojang.com, servicesHost=https://api.minecraftservices.com, name=PROD]
[23:13:58] [ServerMain/INFO]: Loaded 7 recipes
[23:13:59] [ServerMain/INFO]: Loaded 1271 advancements
[23:13:59] [Server thread/INFO]: Starting minecraft server version 1.20.2
[23:13:59] [Server thread/INFO]: Loading properties
[23:13:59] [Server thread/INFO]: Default game type: SURVIVAL
[23:13:59] [Server thread/INFO]: Generating keypair
[23:14:00] [Server thread/INFO]: Starting Minecraft server on *:25566
[23:14:00] [Server thread/INFO]: Using epoll channel type
[23:14:00] [Server thread/WARN]: **** SERVER IS RUNNING IN OFFLINE/INSECURE MODE!
[23:14:00] [Server thread/WARN]: The server will make no attempt to authenticate usernames. Beware.
[23:14:00] [Server thread/WARN]: While this makes the game possible to play without internet access, it also opens up the ability for hackers to connect with any username they choose.
[23:14:00] [Server thread/WARN]: To change this, set "online-mode" to "true" in the server.properties file.
[23:14:00] [Server thread/INFO]: Preparing level "world"
[23:14:04] [Server thread/INFO]: Preparing start region for dimension minecraft:overworld
[23:14:08] [Worker-Main-3/INFO]: Preparing spawn area: 0%
[23:14:08] [Worker-Main-2/INFO]: Preparing spawn area: 0%
[23:14:09] [Worker-Main-3/INFO]: Preparing spawn area: 0%
[23:14:09] [Worker-Main-2/INFO]: Preparing spawn area: 0%
[23:14:09] [Worker-Main-2/INFO]: Preparing spawn area: 0%
[23:14:09] [Worker-Main-3/INFO]: Preparing spawn area: 0%
[23:14:09] [Worker-Main-1/INFO]: Preparing spawn area: 0%
[23:14:09] [Worker-Main-3/INFO]: Preparing spawn area: 0%
[23:14:09] [Worker-Main-3/INFO]: Preparing spawn area: 0%
[23:14:09] [Worker-Main-3/INFO]: Preparing spawn area: 0%
[23:14:09] [Worker-Main-3/INFO]: Preparing spawn area: 0%
[23:14:09] [Worker-Main-3/INFO]: Preparing spawn area: 0%
[23:14:10] [Worker-Main-3/INFO]: Preparing spawn area: 32%
[23:14:10] [Worker-Main-2/INFO]: Preparing spawn area: 88%
[23:14:10] [Server thread/INFO]: Time elapsed: 6589 ms
[23:14:10] [Server thread/INFO]: Done (10.486s)! For help, type "help"
[23:14:10] [Server thread/INFO]: Starting remote control listener
[23:14:10] [Server thread/INFO]: Thread RCON Listener started
[23:14:10] [Server thread/INFO]: RCON running on 0.0.0.0:25575
[23:14:11] [Server thread/WARN]: UUID of added entity already exists: bzt['Spider'/13, l='ServerLevel[world]', x=18.99, y=68.00, z=46.00]
[23:14:11] [Server thread/WARN]: UUID of added entity already exists: byy['Enderman'/159, l='ServerLevel[world]', x=-113.26, y=67.00, z=102.25]
